[info] [API] Request for flow/create-entity: {
	"action": "flow/create-entity",
	"params": {},
	"context": {
		"workspace": {
			"rootPath": "C:/Users/dell/WebstormProjects/lowgular-course-entry"
		},
		"userContext": {
			"id": "GwIZ6kwYXD",
			"correlationId": "RP6ZDvdIlH",
			"clickedPath": "C:/Users/dell/WebstormProjects/lowgular-course-entry/README.md",
			"logEnvId": "development"
		}
	},
	"level": "info",
	"message": "[API] Request for flow/create-entity"
}
[info] [CLI] Calling Query flow/create-entity: {
	"funcParams": {},
	"level": "info",
	"message": "[CLI] Calling Query flow/create-entity"
}
[info] [CLI] Called Query flow/create-entity: {
	"result": {
		"context": {
			"project": {
				"name": "lowgular-course-entry",
				"workspaceRoot": "C:/Users/dell/WebstormProjects/lowgular-course-entry",
				"root": "",
				"sourceRoot": "src",
				"prefix": "app",
				"codePathFromWorkspaceRoot": "src/app",
				"absoluteCodePath": "C:/Users/dell/WebstormProjects/lowgular-course-entry/src/app",
				"absoluteRootPath": "C:/Users/dell/WebstormProjects/lowgular-course-entry",
				"rootRoutingFilePath": "C:/Users/dell/WebstormProjects/lowgular-course-entry/src/app/app-routing.module.ts",
				"type": "App"
			}
		},
		"steps": [
			{
				"contextId": "entity",
				"title": "What do you want to create?",
				"type": "multi-option",
				"options": {
					"App": [
						{
							"id": "component",
							"suffix": "Component",
							"folder": "ui/$name$",
							"type": "ANGULAR_COMPONENT",
							"insideOf": "App",
							"config": {
								"stylesExtension": "none",
								"viewEncapsulation": "Emulated",
								"selector": "generated",
								"changeDetectionStrategy": "OnPush"
							}
						},
						{
							"id": "dataService",
							"suffix": "Service",
							"folder": "services",
							"type": "ANGULAR_SERVICE",
							"insideOf": "App"
						},
						{
							"id": "model",
							"suffix": "Model",
							"folder": "model",
							"type": "DATA_STRUCTURE",
							"insideOf": "App"
						},
						{
							"id": "response",
							"suffix": "Response",
							"folder": "services",
							"type": "DATA_STRUCTURE",
							"insideOf": "App"
						}
					],
					"Lib": []
				},
				"param": "project.type",
				"property": "id"
			},
			{
				"contextId": "name",
				"title": "What is the $entity.id$ name?",
				"subtitle": "e.g. user",
				"type": "text-input"
			},
			{
				"conditions": [
					{
						"left": "entity.type",
						"operator": "eq",
						"right": "DATA_STRUCTURE"
					},
					{
						"left": "entity.type",
						"operator": "eq",
						"right": "OBJECT"
					}
				],
				"contextId": "properties",
				"title": "What are the $entity.id$ properties?",
				"subtitle": "Optional: Can be empty... or use csv format e.g. id:number,text:string",
				"type": "multi-input"
			}
		],
		"request": {
			"scope": "entity.type",
			"config": {
				"LIBRARY": {
					"url": "library/create",
					"payload": {
						"name": "name.value"
					}
				},
				"OBJECT": {
					"url": "object/create",
					"payload": {
						"name": "name.value",
						"properties": "properties",
						"entityId": "entity.id"
					}
				},
				"DATA_STRUCTURE": {
					"url": "data-structure/create",
					"payload": {
						"name": "name.value",
						"properties": "properties",
						"entityId": "entity.id"
					}
				},
				"ANGULAR_COMPONENT": {
					"url": "angular-component/create",
					"payload": {
						"name": "name.value",
						"entityId": "entity.id"
					}
				},
				"ANGULAR_DIRECTIVE": {
					"url": "angular-directive/create",
					"payload": {
						"name": "name.value",
						"entityId": "entity.id"
					}
				},
				"ANGULAR_GUARD": {
					"url": "angular-guard/create",
					"payload": {
						"name": "name.value",
						"entityId": "entity.id"
					}
				},
				"ANGULAR_RESOLVER": {
					"url": "angular-resolver/create",
					"payload": {
						"name": "name.value",
						"entityId": "entity.id"
					}
				},
				"ANGULAR_SERVICE": {
					"url": "angular-service/create",
					"payload": {
						"name": "name.value",
						"entityId": "entity.id"
					}
				},
				"ABSTRACTION": {
					"url": "abstraction/create",
					"payload": {
						"name": "name.value",
						"entityId": "entity.id"
					}
				}
			}
		}
	},
	"level": "info",
	"message": "[CLI] Called Query flow/create-entity"
}
[info] [API] Response ok: flow/create-entity: {
	"result": {
		"context": {
			"project": {
				"name": "lowgular-course-entry",
				"workspaceRoot": "C:/Users/dell/WebstormProjects/lowgular-course-entry",
				"root": "",
				"sourceRoot": "src",
				"prefix": "app",
				"codePathFromWorkspaceRoot": "src/app",
				"absoluteCodePath": "C:/Users/dell/WebstormProjects/lowgular-course-entry/src/app",
				"absoluteRootPath": "C:/Users/dell/WebstormProjects/lowgular-course-entry",
				"rootRoutingFilePath": "C:/Users/dell/WebstormProjects/lowgular-course-entry/src/app/app-routing.module.ts",
				"type": "App"
			}
		},
		"steps": [
			{
				"contextId": "entity",
				"title": "What do you want to create?",
				"type": "multi-option",
				"options": {
					"App": [
						{
							"id": "component",
							"suffix": "Component",
							"folder": "ui/$name$",
							"type": "ANGULAR_COMPONENT",
							"insideOf": "App",
							"config": {
								"stylesExtension": "none",
								"viewEncapsulation": "Emulated",
								"selector": "generated",
								"changeDetectionStrategy": "OnPush"
							}
						},
						{
							"id": "dataService",
							"suffix": "Service",
							"folder": "services",
							"type": "ANGULAR_SERVICE",
							"insideOf": "App"
						},
						{
							"id": "model",
							"suffix": "Model",
							"folder": "model",
							"type": "DATA_STRUCTURE",
							"insideOf": "App"
						},
						{
							"id": "response",
							"suffix": "Response",
							"folder": "services",
							"type": "DATA_STRUCTURE",
							"insideOf": "App"
						}
					],
					"Lib": []
				},
				"param": "project.type",
				"property": "id"
			},
			{
				"contextId": "name",
				"title": "What is the $entity.id$ name?",
				"subtitle": "e.g. user",
				"type": "text-input"
			},
			{
				"conditions": [
					{
						"left": "entity.type",
						"operator": "eq",
						"right": "DATA_STRUCTURE"
					},
					{
						"left": "entity.type",
						"operator": "eq",
						"right": "OBJECT"
					}
				],
				"contextId": "properties",
				"title": "What are the $entity.id$ properties?",
				"subtitle": "Optional: Can be empty... or use csv format e.g. id:number,text:string",
				"type": "multi-input"
			}
		],
		"request": {
			"scope": "entity.type",
			"config": {
				"LIBRARY": {
					"url": "library/create",
					"payload": {
						"name": "name.value"
					}
				},
				"OBJECT": {
					"url": "object/create",
					"payload": {
						"name": "name.value",
						"properties": "properties",
						"entityId": "entity.id"
					}
				},
				"DATA_STRUCTURE": {
					"url": "data-structure/create",
					"payload": {
						"name": "name.value",
						"properties": "properties",
						"entityId": "entity.id"
					}
				},
				"ANGULAR_COMPONENT": {
					"url": "angular-component/create",
					"payload": {
						"name": "name.value",
						"entityId": "entity.id"
					}
				},
				"ANGULAR_DIRECTIVE": {
					"url": "angular-directive/create",
					"payload": {
						"name": "name.value",
						"entityId": "entity.id"
					}
				},
				"ANGULAR_GUARD": {
					"url": "angular-guard/create",
					"payload": {
						"name": "name.value",
						"entityId": "entity.id"
					}
				},
				"ANGULAR_RESOLVER": {
					"url": "angular-resolver/create",
					"payload": {
						"name": "name.value",
						"entityId": "entity.id"
					}
				},
				"ANGULAR_SERVICE": {
					"url": "angular-service/create",
					"payload": {
						"name": "name.value",
						"entityId": "entity.id"
					}
				},
				"ABSTRACTION": {
					"url": "abstraction/create",
					"payload": {
						"name": "name.value",
						"entityId": "entity.id"
					}
				}
			}
		}
	},
	"level": "info",
	"message": "[API] Response ok: flow/create-entity"
}
[info] [API] Request for entity/actions: {
	"action": "entity/actions",
	"params": {
		"clickedPath": "C:/Users/dell/WebstormProjects/lowgular-course-entry/lowgular-course-entry/src/app/ui/employee-list/employee-list.component-module.ts",
		"position": 387
	},
	"context": {
		"workspace": {
			"rootPath": "C:/Users/dell/WebstormProjects/lowgular-course-entry"
		},
		"userContext": {
			"id": "GwIZ6kwYXD",
			"correlationId": "9WJhM1jUQQ",
			"clickedPath": "C:/Users/dell/WebstormProjects/lowgular-course-entry/lowgular-course-entry/src/app/ui/employee-list/employee-list.component-module.ts",
			"logEnvId": "development"
		}
	},
	"level": "info",
	"message": "[API] Request for entity/actions"
}
[info] [CLI] Calling Query entity/actions: {
	"funcParams": {
		"clickedPath": "C:/Users/dell/WebstormProjects/lowgular-course-entry/lowgular-course-entry/src/app/ui/employee-list/employee-list.component-module.ts",
		"position": 387
	},
	"level": "info",
	"message": "[CLI] Calling Query entity/actions"
}
[error] [API]: Error Entity not found for suffix: component-module: {
	"loggerData": {
		"action": "entity/actions",
		"params": {
			"clickedPath": "C:/Users/dell/WebstormProjects/lowgular-course-entry/lowgular-course-entry/src/app/ui/employee-list/employee-list.component-module.ts",
			"position": 387
		},
		"context": {
			"workspace": {
				"rootPath": "C:/Users/dell/WebstormProjects/lowgular-course-entry"
			},
			"userContext": {
				"id": "GwIZ6kwYXD",
				"correlationId": "9WJhM1jUQQ",
				"clickedPath": "C:/Users/dell/WebstormProjects/lowgular-course-entry/lowgular-course-entry/src/app/ui/employee-list/employee-list.component-module.ts",
				"logEnvId": "development"
			}
		}
	},
	"error": {},
	"stack": "Error: Entity not found for suffix: component-module\n    at getEntityActions (C:\\Users\\dell\\AppData\\Roaming\\JetBrains\\WebStorm2022.2\\plugins\\LowgularJPlugin\\cli\\main.js:6597:15)\n    at async callQueryCli (C:\\Users\\dell\\AppData\\Roaming\\JetBrains\\WebStorm2022.2\\plugins\\LowgularJPlugin\\cli\\main.js:8540:20)\n    at async callHandler (C:\\Users\\dell\\AppData\\Roaming\\JetBrains\\WebStorm2022.2\\plugins\\LowgularJPlugin\\cli\\main.js:16691:27)",
	"level": "error",
	"message": "[API]: Error Entity not found for suffix: component-module"
}
[info] [API] Request for entity/actions: {
	"action": "entity/actions",
	"params": {
		"clickedPath": "C:/Users/dell/WebstormProjects/lowgular-course-entry/lowgular-course-entry/src/app/ui/employee-list/employee-list.component-module.ts",
		"position": 388
	},
	"context": {
		"workspace": {
			"rootPath": "C:/Users/dell/WebstormProjects/lowgular-course-entry"
		},
		"userContext": {
			"id": "GwIZ6kwYXD",
			"correlationId": "vjUijnDeTC",
			"clickedPath": "C:/Users/dell/WebstormProjects/lowgular-course-entry/lowgular-course-entry/src/app/ui/employee-list/employee-list.component-module.ts",
			"logEnvId": "development"
		}
	},
	"level": "info",
	"message": "[API] Request for entity/actions"
}
[info] [CLI] Calling Query entity/actions: {
	"funcParams": {
		"clickedPath": "C:/Users/dell/WebstormProjects/lowgular-course-entry/lowgular-course-entry/src/app/ui/employee-list/employee-list.component-module.ts",
		"position": 388
	},
	"level": "info",
	"message": "[CLI] Calling Query entity/actions"
}
[error] [API]: Error Entity not found for suffix: component-module: {
	"loggerData": {
		"action": "entity/actions",
		"params": {
			"clickedPath": "C:/Users/dell/WebstormProjects/lowgular-course-entry/lowgular-course-entry/src/app/ui/employee-list/employee-list.component-module.ts",
			"position": 388
		},
		"context": {
			"workspace": {
				"rootPath": "C:/Users/dell/WebstormProjects/lowgular-course-entry"
			},
			"userContext": {
				"id": "GwIZ6kwYXD",
				"correlationId": "vjUijnDeTC",
				"clickedPath": "C:/Users/dell/WebstormProjects/lowgular-course-entry/lowgular-course-entry/src/app/ui/employee-list/employee-list.component-module.ts",
				"logEnvId": "development"
			}
		}
	},
	"error": {},
	"stack": "Error: Entity not found for suffix: component-module\n    at getEntityActions (C:\\Users\\dell\\AppData\\Roaming\\JetBrains\\WebStorm2022.2\\plugins\\LowgularJPlugin\\cli\\main.js:6597:15)\n    at async callQueryCli (C:\\Users\\dell\\AppData\\Roaming\\JetBrains\\WebStorm2022.2\\plugins\\LowgularJPlugin\\cli\\main.js:8540:20)\n    at async callHandler (C:\\Users\\dell\\AppData\\Roaming\\JetBrains\\WebStorm2022.2\\plugins\\LowgularJPlugin\\cli\\main.js:16691:27)",
	"level": "error",
	"message": "[API]: Error Entity not found for suffix: component-module"
}
[info] [API] Request for entity/actions: {
	"action": "entity/actions",
	"params": {
		"clickedPath": "C:/Users/dell/WebstormProjects/lowgular-course-entry/lowgular-course-entry/src/app/ui/employee-list/employee-list.component.ts",
		"position": 528
	},
	"context": {
		"workspace": {
			"rootPath": "C:/Users/dell/WebstormProjects/lowgular-course-entry"
		},
		"userContext": {
			"id": "GwIZ6kwYXD",
			"correlationId": "JYVLBAERkO",
			"clickedPath": "C:/Users/dell/WebstormProjects/lowgular-course-entry/lowgular-course-entry/src/app/ui/employee-list/employee-list.component.ts",
			"logEnvId": "development"
		}
	},
	"level": "info",
	"message": "[API] Request for entity/actions"
}
[info] [CLI] Calling Query entity/actions: {
	"funcParams": {
		"clickedPath": "C:/Users/dell/WebstormProjects/lowgular-course-entry/lowgular-course-entry/src/app/ui/employee-list/employee-list.component.ts",
		"position": 528
	},
	"level": "info",
	"message": "[CLI] Calling Query entity/actions"
}
[info] [API] Response ok: entity/actions: {
	"result": {
		"context": {},
		"children": [
			{
				"label": "Properties",
				"children": [
					{
						"label": "data$",
						"children": [
							{
								"actionId": "RXJS_CALL_EXPRESSIONS_MAP",
								"label": "Map Property",
								"callPath": [
									"data$"
								]
							},
							{
								"actionId": "RXJS_CALL_EXPRESSIONS_TAP",
								"label": "Property Side Effect",
								"callPath": [
									"data$"
								]
							}
						]
					},
					{
						"actionId": "ADD_FORM",
						"label": "Create Form Property",
						"callPath": []
					},
					{
						"actionId": "RXJS_PROPERTY_CREATE",
						"label": "Create Data Property",
						"callPath": []
					},
					{
						"actionId": "RXJS_PROPERTY_SUBJECT_CREATE",
						"label": "Create Subject Property",
						"callPath": []
					}
				]
			},
			{
				"label": "Inject",
				"actionId": "INJECT",
				"callPath": []
			},
			{
				"label": "Methods",
				"children": [
					{
						"actionId": "METHOD_CREATE",
						"label": "Create New Method",
						"callPath": []
					}
				]
			},
			{
				"label": "Add Component to Route",
				"actionId": "ADD_TO_ROUTE",
				"callPath": []
			}
		]
	},
	"level": "info",
	"message": "[API] Response ok: entity/actions"
}
[info] [CLI] Called Query entity/actions: {
	"result": {
		"context": {},
		"children": [
			{
				"label": "Properties",
				"children": [
					{
						"label": "data$",
						"children": [
							{
								"actionId": "RXJS_CALL_EXPRESSIONS_MAP",
								"label": "Map Property",
								"callPath": [
									"data$"
								]
							},
							{
								"actionId": "RXJS_CALL_EXPRESSIONS_TAP",
								"label": "Property Side Effect",
								"callPath": [
									"data$"
								]
							}
						]
					},
					{
						"actionId": "ADD_FORM",
						"label": "Create Form Property",
						"callPath": []
					},
					{
						"actionId": "RXJS_PROPERTY_CREATE",
						"label": "Create Data Property",
						"callPath": []
					},
					{
						"actionId": "RXJS_PROPERTY_SUBJECT_CREATE",
						"label": "Create Subject Property",
						"callPath": []
					}
				]
			},
			{
				"label": "Inject",
				"actionId": "INJECT",
				"callPath": []
			},
			{
				"label": "Methods",
				"children": [
					{
						"actionId": "METHOD_CREATE",
						"label": "Create New Method",
						"callPath": []
					}
				]
			},
			{
				"label": "Add Component to Route",
				"actionId": "ADD_TO_ROUTE",
				"callPath": []
			}
		]
	},
	"level": "info",
	"message": "[CLI] Called Query entity/actions"
}
[info] [API] Request for routing/add: {
	"action": "routing/add",
	"params": {
		"routeName": "HttpClient",
		"componentFile": "C:/Users/dell/WebstormProjects/lowgular-course-entry/lowgular-course-entry/src/app/ui/employee-list/employee-list.component.ts"
	},
	"context": {
		"workspace": {
			"rootPath": "C:/Users/dell/WebstormProjects/lowgular-course-entry"
		},
		"userContext": {
			"id": "GwIZ6kwYXD",
			"correlationId": "JYVLBAERkO",
			"clickedPath": "C:/Users/dell/WebstormProjects/lowgular-course-entry/lowgular-course-entry/src/app/ui/employee-list/employee-list.component.ts",
			"logEnvId": "development"
		}
	},
	"level": "info",
	"message": "[API] Request for routing/add"
}
[info] [CLI] Calling Command routing/add: {
	"funcParams": {
		"routeName": "HttpClient",
		"componentFile": "C:/Users/dell/WebstormProjects/lowgular-course-entry/lowgular-course-entry/src/app/ui/employee-list/employee-list.component.ts"
	},
	"level": "info",
	"message": "[CLI] Calling Command routing/add"
}
[info] [CommandBus]: Dispatching command AddRouteCommand: {
	"commandName": "AddRouteCommand",
	"payload": {
		"routingFilePath": "C:/Users/dell/WebstormProjects/lowgular-course-entry/src/app/app-routing.module.ts",
		"routeName": "HttpClient",
		"componentFile": "C:/Users/dell/WebstormProjects/lowgular-course-entry/lowgular-course-entry/src/app/ui/employee-list/employee-list.component.ts",
		"relatedModulePaths": [
			"C:/Users/dell/WebstormProjects/lowgular-course-entry/src/app/ui/employee-list/employee-list.component-module.ts"
		]
	},
	"level": "info",
	"message": "[CommandBus]: Dispatching command AddRouteCommand"
}
[info] [CommandBus]: Handled  AddRouteCommand: {
	"commandName": "AddRouteCommand",
	"payload": {
		"routingFilePath": "C:/Users/dell/WebstormProjects/lowgular-course-entry/src/app/app-routing.module.ts",
		"routeName": "HttpClient",
		"componentFile": "C:/Users/dell/WebstormProjects/lowgular-course-entry/lowgular-course-entry/src/app/ui/employee-list/employee-list.component.ts",
		"relatedModulePaths": [
			"C:/Users/dell/WebstormProjects/lowgular-course-entry/src/app/ui/employee-list/employee-list.component-module.ts"
		]
	},
	"level": "info",
	"message": "[CommandBus]: Handled  AddRouteCommand"
}
[info] [CLI] Called Command routing/add: {
	"message": "[CLI] Called Command routing/add",
	"level": "info"
}
[info] [API] Response ok: routing/add: {
	"result": {
		"filePath": "C:/Users/dell/WebstormProjects/lowgular-course-entry/src/app/app-routing.module.ts"
	},
	"level": "info",
	"message": "[API] Response ok: routing/add"
}
